TN:
SF:src\config\firebaseConfig.js
FNF:0
FNH:0
DA:5,0
DA:15,0
DA:16,0
DA:17,0
LF:4
LH:0
BRF:0
BRH:0
end_of_record
TN:
SF:src\config\i18n.js
FNF:0
FNH:0
DA:8,0
DA:88,0
LF:2
LH:0
BRF:0
BRH:0
end_of_record
TN:
SF:src\screens\data\adiestramientoData.jsx
FN:208,(anonymous_0)
FN:228,(anonymous_1)
FN:232,(anonymous_2)
FNF:3
FNH:0
FNDA:0,(anonymous_0)
FNDA:0,(anonymous_1)
FNDA:0,(anonymous_2)
DA:4,0
DA:100,0
DA:208,0
DA:209,0
DA:211,0
DA:214,0
DA:217,0
DA:223,0
DA:228,0
DA:229,0
DA:232,0
DA:233,0
DA:238,0
LF:13
LH:0
BRDA:209,0,0,0
BRDA:209,0,1,0
BRDA:209,1,0,0
BRDA:209,1,1,0
BRDA:228,2,0,0
BRDA:228,2,1,0
BRDA:232,3,0,0
BRDA:232,3,1,0
BRF:8
BRH:0
end_of_record
TN:
SF:src\services\chatbotService.js
FN:3,(anonymous_0)
FNF:1
FNH:0
FNDA:0,(anonymous_0)
DA:3,0
DA:4,0
DA:5,0
DA:9,0
DA:11,0
DA:12,0
DA:13,0
LF:7
LH:0
BRDA:3,0,0,0
BRDA:12,1,0,0
BRDA:12,1,1,0
BRF:3
BRH:0
end_of_record
TN:
SF:src\services\clinicaService.js
FN:13,(anonymous_0)
FN:23,(anonymous_1)
FN:30,(anonymous_2)
FN:45,(anonymous_3)
FN:65,(anonymous_4)
FN:133,(anonymous_5)
FN:188,(anonymous_6)
FN:194,(anonymous_7)
FN:197,(anonymous_8)
FN:203,(anonymous_9)
FN:221,(anonymous_10)
FN:225,(anonymous_11)
FN:236,(anonymous_12)
FNF:13
FNH:0
FNDA:0,(anonymous_0)
FNDA:0,(anonymous_1)
FNDA:0,(anonymous_2)
FNDA:0,(anonymous_3)
FNDA:0,(anonymous_4)
FNDA:0,(anonymous_5)
FNDA:0,(anonymous_6)
FNDA:0,(anonymous_7)
FNDA:0,(anonymous_8)
FNDA:0,(anonymous_9)
FNDA:0,(anonymous_10)
FNDA:0,(anonymous_11)
FNDA:0,(anonymous_12)
DA:6,0
DA:7,0
DA:8,0
DA:13,0
DA:15,0
DA:16,0
DA:17,0
DA:23,0
DA:24,0
DA:30,0
DA:31,0
DA:32,0
DA:36,0
DA:38,0
DA:45,0
DA:46,0
DA:47,0
DA:48,0
DA:49,0
DA:50,0
DA:51,0
DA:54,0
DA:57,0
DA:59,0
DA:65,0
DA:66,0
DA:69,0
DA:70,0
DA:71,0
DA:72,0
DA:76,0
DA:77,0
DA:78,0
DA:80,0
DA:84,0
DA:88,0
DA:90,0
DA:91,0
DA:96,0
DA:99,0
DA:104,0
DA:106,0
DA:107,0
DA:110,0
DA:113,0
DA:114,0
DA:115,0
DA:116,0
DA:117,0
DA:118,0
DA:121,0
DA:125,0
DA:126,0
DA:133,0
DA:134,0
DA:188,0
DA:194,0
DA:197,0
DA:203,0
DA:204,0
DA:205,0
DA:206,0
DA:207,0
DA:208,0
DA:210,0
DA:213,0
DA:215,0
DA:221,0
DA:222,0
DA:223,0
DA:224,0
DA:225,0
DA:226,0
DA:227,0
DA:229,0
DA:236,0
DA:237,0
DA:238,0
DA:239,0
DA:241,0
LF:80
LH:0
BRDA:48,0,0,0
BRDA:48,0,1,0
BRDA:50,1,0,0
BRDA:50,1,1,0
BRDA:70,2,0,0
BRDA:70,2,1,0
BRDA:70,3,0,0
BRDA:70,3,1,0
BRDA:77,4,0,0
BRDA:77,4,1,0
BRDA:115,5,0,0
BRDA:115,5,1,0
BRF:12
BRH:0
end_of_record
TN:
SF:src\services\collarService.js
FN:5,(anonymous_0)
FN:28,(anonymous_1)
FN:40,(anonymous_2)
FN:41,(anonymous_3)
FN:49,(anonymous_4)
FN:61,(anonymous_5)
FN:64,(anonymous_6)
FN:65,(anonymous_7)
FN:66,(anonymous_8)
FN:67,(anonymous_9)
FN:70,(anonymous_10)
FN:71,(anonymous_11)
FN:72,(anonymous_12)
FN:73,(anonymous_13)
FN:87,(anonymous_14)
FN:111,(anonymous_15)
FN:132,(anonymous_16)
FN:144,(anonymous_17)
FN:145,(anonymous_18)
FN:153,(anonymous_19)
FN:156,(anonymous_20)
FN:161,(anonymous_21)
FN:167,(anonymous_22)
FN:234,(anonymous_23)
FNF:24
FNH:0
FNDA:0,(anonymous_0)
FNDA:0,(anonymous_1)
FNDA:0,(anonymous_2)
FNDA:0,(anonymous_3)
FNDA:0,(anonymous_4)
FNDA:0,(anonymous_5)
FNDA:0,(anonymous_6)
FNDA:0,(anonymous_7)
FNDA:0,(anonymous_8)
FNDA:0,(anonymous_9)
FNDA:0,(anonymous_10)
FNDA:0,(anonymous_11)
FNDA:0,(anonymous_12)
FNDA:0,(anonymous_13)
FNDA:0,(anonymous_14)
FNDA:0,(anonymous_15)
FNDA:0,(anonymous_16)
FNDA:0,(anonymous_17)
FNDA:0,(anonymous_18)
FNDA:0,(anonymous_19)
FNDA:0,(anonymous_20)
FNDA:0,(anonymous_21)
FNDA:0,(anonymous_22)
FNDA:0,(anonymous_23)
DA:5,0
DA:6,0
DA:7,0
DA:19,0
DA:20,0
DA:22,0
DA:23,0
DA:28,0
DA:29,0
DA:30,0
DA:35,0
DA:37,0
DA:39,0
DA:40,0
DA:41,0
DA:43,0
DA:44,0
DA:49,0
DA:50,0
DA:51,0
DA:52,0
DA:58,0
DA:59,0
DA:61,0
DA:62,0
DA:64,0
DA:65,0
DA:66,0
DA:67,0
DA:69,0
DA:70,0
DA:71,0
DA:72,0
DA:73,0
DA:81,0
DA:82,0
DA:87,0
DA:88,0
DA:92,0
DA:95,0
DA:111,0
DA:112,0
DA:113,0
DA:123,0
DA:124,0
DA:126,0
DA:127,0
DA:132,0
DA:133,0
DA:134,0
DA:139,0
DA:141,0
DA:143,0
DA:144,0
DA:145,0
DA:147,0
DA:148,0
DA:153,0
DA:154,0
DA:156,0
DA:157,0
DA:158,0
DA:159,0
DA:162,0
DA:167,0
DA:168,0
DA:170,0
DA:171,0
DA:174,0
DA:177,0
DA:178,0
DA:180,0
DA:193,0
DA:196,0
DA:203,0
DA:204,0
DA:207,0
DA:208,0
DA:213,0
DA:221,0
DA:228,0
DA:229,0
DA:234,0
DA:235,0
DA:236,0
DA:237,0
DA:239,0
DA:240,0
DA:252,0
DA:253,0
LF:90
LH:0
BRDA:28,0,0,0
BRDA:37,1,0,0
BRDA:37,1,1,0
BRDA:49,2,0,0
BRDA:59,3,0,0
BRDA:59,3,1,0
BRDA:62,4,0,0
BRDA:62,4,1,0
BRDA:88,5,0,0
BRDA:88,5,1,0
BRDA:89,6,0,0
BRDA:89,6,1,0
BRDA:90,7,0,0
BRDA:90,7,1,0
BRDA:92,8,0,0
BRDA:92,8,1,0
BRDA:93,9,0,0
BRDA:93,9,1,0
BRDA:98,10,0,0
BRDA:98,10,1,0
BRDA:99,11,0,0
BRDA:99,11,1,0
BRDA:100,12,0,0
BRDA:100,12,1,0
BRDA:104,13,0,0
BRDA:104,13,1,0
BRDA:105,14,0,0
BRDA:105,14,1,0
BRDA:118,15,0,0
BRDA:118,15,1,0
BRDA:118,16,0,0
BRDA:118,16,1,0
BRDA:118,16,2,0
BRDA:132,17,0,0
BRDA:141,18,0,0
BRDA:141,18,1,0
BRDA:158,19,0,0
BRDA:158,19,1,0
BRDA:158,20,0,0
BRDA:158,20,1,0
BRDA:204,21,0,0
BRDA:204,21,1,0
BRDA:207,22,0,0
BRDA:207,22,1,0
BRDA:237,23,0,0
BRDA:237,23,1,0
BRDA:242,24,0,0
BRDA:242,24,1,0
BRDA:243,25,0,0
BRDA:243,25,1,0
BRDA:245,26,0,0
BRDA:245,26,1,0
BRDA:247,27,0,0
BRDA:247,27,1,0
BRDA:248,28,0,0
BRDA:248,28,1,0
BRF:56
BRH:0
end_of_record
TN:
SF:src\services\eventosService.js
FN:7,(anonymous_0)
FN:18,(anonymous_1)
FN:29,(anonymous_2)
FNF:3
FNH:0
FNDA:0,(anonymous_0)
FNDA:0,(anonymous_1)
FNDA:0,(anonymous_2)
DA:7,0
DA:8,0
DA:9,0
DA:10,0
DA:12,0
DA:13,0
DA:18,0
DA:19,0
DA:20,0
DA:21,0
DA:23,0
DA:24,0
DA:29,0
DA:30,0
DA:31,0
DA:32,0
DA:34,0
DA:35,0
LF:18
LH:0
BRDA:23,0,0,0
BRDA:23,0,1,0
BRF:2
BRH:0
end_of_record
TN:
SF:src\services\historialService.js
FN:8,(anonymous_0)
FNF:1
FNH:0
FNDA:0,(anonymous_0)
DA:8,0
DA:9,0
DA:10,0
DA:11,0
DA:13,0
DA:15,0
LF:6
LH:0
BRDA:13,0,0,0
BRDA:13,0,1,0
BRDA:15,1,0,0
BRDA:15,1,1,0
BRF:4
BRH:0
end_of_record
TN:
SF:src\services\http.js
FN:27,(anonymous_0)
FN:38,(anonymous_1)
FN:45,(anonymous_2)
FN:46,(anonymous_3)
FNF:4
FNH:0
FNDA:0,(anonymous_0)
FNDA:0,(anonymous_1)
FNDA:0,(anonymous_2)
FNDA:0,(anonymous_3)
DA:6,0
DA:26,0
DA:28,0
DA:29,0
DA:30,0
DA:31,0
DA:34,0
DA:36,0
DA:39,0
DA:44,0
DA:45,0
DA:47,0
DA:49,0
DA:50,0
DA:53,0
LF:15
LH:0
BRDA:30,0,0,0
BRDA:30,0,1,0
BRDA:47,1,0,0
BRDA:47,1,1,0
BRF:4
BRH:0
end_of_record
TN:
SF:src\services\loginServices.js
FN:3,(anonymous_0)
FN:6,(anonymous_1)
FNF:2
FNH:0
FNDA:0,(anonymous_0)
FNDA:0,(anonymous_1)
DA:3,0
DA:4,0
DA:6,0
DA:7,0
LF:4
LH:0
BRF:0
BRH:0
end_of_record
TN:
SF:src\services\notificationService.js
FN:15,(anonymous_0)
FN:25,(anonymous_1)
FN:73,(anonymous_2)
FN:137,(anonymous_3)
FN:170,(anonymous_4)
FN:196,(anonymous_5)
FN:210,(anonymous_6)
FN:224,(anonymous_7)
FN:238,(anonymous_8)
FN:240,(anonymous_9)
FN:246,(anonymous_10)
FN:258,(anonymous_11)
FN:267,(anonymous_12)
FNF:13
FNH:0
FNDA:0,(anonymous_0)
FNDA:0,(anonymous_1)
FNDA:0,(anonymous_2)
FNDA:0,(anonymous_3)
FNDA:0,(anonymous_4)
FNDA:0,(anonymous_5)
FNDA:0,(anonymous_6)
FNDA:0,(anonymous_7)
FNDA:0,(anonymous_8)
FNDA:0,(anonymous_9)
FNDA:0,(anonymous_10)
FNDA:0,(anonymous_11)
FNDA:0,(anonymous_12)
DA:6,0
DA:14,0
DA:15,0
DA:25,0
DA:26,0
DA:28,0
DA:29,0
DA:31,0
DA:32,0
DA:33,0
DA:36,0
DA:37,0
DA:38,0
DA:42,0
DA:43,0
DA:52,0
DA:62,0
DA:63,0
DA:65,0
DA:66,0
DA:73,0
DA:81,0
DA:82,0
DA:83,0
DA:84,0
DA:88,0
DA:91,0
DA:92,0
DA:93,0
DA:97,0
DA:99,0
DA:119,0
DA:127,0
DA:129,0
DA:130,0
DA:137,0
DA:138,0
DA:147,0
DA:149,0
DA:150,0
DA:151,0
DA:152,0
DA:153,0
DA:154,0
DA:155,0
DA:157,0
DA:158,0
DA:161,0
DA:162,0
DA:164,0
DA:170,0
DA:171,0
DA:172,0
DA:173,0
DA:175,0
DA:186,0
DA:188,0
DA:189,0
DA:196,0
DA:197,0
DA:198,0
DA:199,0
DA:200,0
DA:202,0
DA:203,0
DA:210,0
DA:211,0
DA:212,0
DA:213,0
DA:214,0
DA:216,0
DA:217,0
DA:224,0
DA:225,0
DA:226,0
DA:227,0
DA:228,0
DA:230,0
DA:231,0
DA:238,0
DA:240,0
DA:241,0
DA:246,0
DA:247,0
DA:249,0
DA:251,0
DA:253,0
DA:258,0
DA:259,0
DA:260,0
DA:267,0
DA:268,0
DA:269,0
DA:270,0
DA:272,0
DA:273,0
LF:96
LH:0
BRDA:31,0,0,0
BRDA:31,0,1,0
BRDA:36,1,0,0
BRDA:36,1,1,0
BRDA:42,2,0,0
BRDA:42,2,1,0
BRDA:79,3,0,0
BRDA:83,4,0,0
BRDA:83,4,1,0
BRDA:91,5,0,0
BRDA:91,5,1,0
BRDA:115,6,0,0
BRDA:115,6,1,0
BRDA:147,7,0,0
BRDA:147,7,1,0
BRDA:150,8,0,0
BRDA:150,8,1,0
BRDA:152,9,0,0
BRDA:152,9,1,0
BRDA:154,10,0,0
BRDA:154,10,1,0
BRDA:158,11,0,0
BRDA:158,11,1,0
BRDA:170,12,0,0
BRDA:173,13,0,0
BRDA:173,13,1,0
BRDA:251,14,0,0
BRDA:251,14,1,0
BRDA:251,15,0,0
BRDA:251,15,1,0
BRF:30
BRH:0
end_of_record
TN:
SF:src\services\perfilMascotaService.js
FN:5,(anonymous_0)
FN:16,(anonymous_1)
FN:26,(anonymous_2)
FNF:3
FNH:0
FNDA:0,(anonymous_0)
FNDA:0,(anonymous_1)
FNDA:0,(anonymous_2)
DA:5,0
DA:6,0
DA:7,0
DA:8,0
DA:10,0
DA:11,0
DA:16,0
DA:17,0
DA:18,0
DA:19,0
DA:21,0
DA:22,0
DA:26,0
DA:27,0
DA:29,0
DA:34,0
DA:36,0
DA:37,0
LF:18
LH:0
BRDA:11,0,0,0
BRDA:11,0,1,0
BRDA:22,1,0,0
BRDA:22,1,1,0
BRDA:37,2,0,0
BRDA:37,2,1,0
BRF:6
BRH:0
end_of_record
TN:
SF:src\services\reportesService.js
FN:5,(anonymous_0)
FN:26,(anonymous_1)
FN:27,(anonymous_2)
FN:45,(anonymous_3)
FNF:4
FNH:0
FNDA:0,(anonymous_0)
FNDA:0,(anonymous_1)
FNDA:0,(anonymous_2)
FNDA:0,(anonymous_3)
DA:5,0
DA:6,0
DA:7,0
DA:19,0
DA:20,0
DA:21,0
DA:23,0
DA:24,0
DA:26,0
DA:27,0
DA:28,0
DA:29,0
DA:30,0
DA:34,0
DA:35,0
DA:36,0
DA:38,0
DA:41,0
DA:42,0
DA:45,0
DA:46,0
DA:54,0
DA:55,0
DA:56,0
DA:57,0
DA:59,0
DA:62,0
DA:66,0
DA:67,0
DA:71,0
LF:30
LH:0
BRDA:19,0,0,0
BRDA:19,0,1,0
BRDA:34,1,0,0
BRDA:34,1,1,0
BRDA:54,2,0,0
BRDA:54,2,1,0
BRDA:54,3,0,0
BRDA:54,3,1,0
BRDA:59,4,0,0
BRDA:59,4,1,0
BRDA:66,5,0,0
BRDA:66,5,1,0
BRDA:66,6,0,0
BRDA:66,6,1,0
BRDA:66,6,2,0
BRF:15
BRH:0
end_of_record
TN:
SF:src\services\socialService.js
FN:8,(anonymous_0)
FN:30,(anonymous_1)
FN:71,(anonymous_2)
FN:90,(anonymous_3)
FN:111,(anonymous_4)
FN:133,(anonymous_5)
FN:155,(anonymous_6)
FNF:7
FNH:0
FNDA:0,(anonymous_0)
FNDA:0,(anonymous_1)
FNDA:0,(anonymous_2)
FNDA:0,(anonymous_3)
FNDA:0,(anonymous_4)
FNDA:0,(anonymous_5)
FNDA:0,(anonymous_6)
DA:4,0
DA:9,0
DA:10,0
DA:11,0
DA:19,0
DA:20,0
DA:31,0
DA:32,0
DA:34,0
DA:35,0
DA:37,0
DA:38,0
DA:41,0
DA:42,0
DA:49,0
DA:55,0
DA:60,0
DA:61,0
DA:72,0
DA:73,0
DA:74,0
DA:79,0
DA:80,0
DA:91,0
DA:92,0
DA:95,0
DA:100,0
DA:101,0
DA:112,0
DA:113,0
DA:114,0
DA:122,0
DA:123,0
DA:134,0
DA:135,0
DA:136,0
DA:144,0
DA:145,0
DA:156,0
DA:157,0
DA:158,0
DA:163,0
DA:164,0
LF:43
LH:0
BRDA:8,0,0,0
BRDA:8,1,0,0
BRDA:14,2,0,0
BRDA:14,2,1,0
BRDA:15,3,0,0
BRDA:15,3,1,0
BRDA:22,4,0,0
BRDA:22,4,1,0
BRDA:37,5,0,0
BRDA:37,5,1,0
BRDA:41,6,0,0
BRDA:41,6,1,0
BRDA:44,7,0,0
BRDA:44,7,1,0
BRDA:45,8,0,0
BRDA:45,8,1,0
BRDA:63,9,0,0
BRDA:63,9,1,0
BRDA:82,10,0,0
BRDA:82,10,1,0
BRDA:103,11,0,0
BRDA:103,11,1,0
BRDA:111,12,0,0
BRDA:111,13,0,0
BRDA:117,14,0,0
BRDA:117,14,1,0
BRDA:118,15,0,0
BRDA:118,15,1,0
BRDA:125,16,0,0
BRDA:125,16,1,0
BRDA:133,17,0,0
BRDA:133,18,0,0
BRDA:139,19,0,0
BRDA:139,19,1,0
BRDA:140,20,0,0
BRDA:140,20,1,0
BRDA:147,21,0,0
BRDA:147,21,1,0
BRDA:166,22,0,0
BRDA:166,22,1,0
BRF:40
BRH:0
end_of_record
TN:
SF:src\services\teleconsultaService.js
FN:8,(anonymous_0)
FN:13,(anonymous_1)
FN:18,(anonymous_2)
FN:25,(anonymous_3)
FN:32,(anonymous_4)
FN:37,(anonymous_5)
FN:42,(anonymous_6)
FNF:7
FNH:0
FNDA:0,(anonymous_0)
FNDA:0,(anonymous_1)
FNDA:0,(anonymous_2)
FNDA:0,(anonymous_3)
FNDA:0,(anonymous_4)
FNDA:0,(anonymous_5)
FNDA:0,(anonymous_6)
DA:8,0
DA:9,0
DA:13,0
DA:14,0
DA:18,0
DA:19,0
DA:25,0
DA:26,0
DA:32,0
DA:33,0
DA:37,0
DA:38,0
DA:42,0
DA:43,0
LF:14
LH:0
BRF:0
BRH:0
end_of_record
TN:
SF:src\services\userService.js
FN:4,(anonymous_0)
FN:14,(anonymous_1)
FN:24,(anonymous_2)
FNF:3
FNH:0
FNDA:0,(anonymous_0)
FNDA:0,(anonymous_1)
FNDA:0,(anonymous_2)
DA:4,0
DA:5,0
DA:6,0
DA:7,0
DA:9,0
DA:10,0
DA:14,0
DA:15,0
DA:16,0
DA:17,0
DA:19,0
DA:20,0
DA:24,0
DA:25,0
DA:26,0
DA:27,0
DA:29,0
DA:30,0
LF:18
LH:0
BRDA:9,0,0,0
BRDA:9,0,1,0
BRDA:10,1,0,0
BRDA:10,1,1,0
BRDA:19,2,0,0
BRDA:19,2,1,0
BRDA:20,3,0,0
BRDA:20,3,1,0
BRDA:29,4,0,0
BRDA:29,4,1,0
BRDA:30,5,0,0
BRDA:30,5,1,0
BRF:12
BRH:0
end_of_record
TN:
SF:src\utils\dateUtils.js
FN:8,(anonymous_0)
FN:54,(anonymous_1)
FN:74,(anonymous_2)
FN:91,(anonymous_3)
FN:105,(anonymous_4)
FNF:5
FNH:0
FNDA:0,(anonymous_0)
FNDA:0,(anonymous_1)
FNDA:0,(anonymous_2)
FNDA:0,(anonymous_3)
FNDA:0,(anonymous_4)
DA:8,0
DA:9,0
DA:10,0
DA:13,0
DA:14,0
DA:18,0
DA:19,0
DA:20,0
DA:24,0
DA:25,0
DA:26,0
DA:30,0
DA:31,0
DA:32,0
DA:36,0
DA:37,0
DA:38,0
DA:42,0
DA:43,0
DA:44,0
DA:46,0
DA:54,0
DA:55,0
DA:57,0
DA:62,0
DA:63,0
DA:64,0
DA:66,0
DA:74,0
DA:75,0
DA:77,0
DA:78,0
DA:79,0
DA:80,0
DA:81,0
DA:83,0
DA:91,0
DA:92,0
DA:93,0
DA:95,0
DA:105,0
DA:106,0
DA:107,0
DA:108,0
DA:110,0
LF:45
LH:0
BRDA:13,0,0,0
BRDA:13,0,1,0
BRDA:19,1,0,0
BRDA:19,1,1,0
BRDA:25,2,0,0
BRDA:25,2,1,0
BRDA:31,3,0,0
BRDA:31,3,1,0
BRDA:37,4,0,0
BRDA:37,4,1,0
BRDA:55,5,0,0
BRDA:55,5,1,0
BRDA:75,6,0,0
BRDA:75,6,1,0
BRDA:92,7,0,0
BRDA:92,7,1,0
BRDA:95,8,0,0
BRDA:95,8,1,0
BRDA:95,8,2,0
BRDA:106,9,0,0
BRDA:106,9,1,0
BRDA:110,10,0,0
BRDA:110,10,1,0
BRDA:110,10,2,0
BRF:24
BRH:0
end_of_record
